[2011-11-05 16:04:58] DEBUG thread:47093937386512 this is a deubg
[2011-11-05 16:04:58] ERROR thread:47093937386512 this is a error
[2011-11-05 16:04:58] FATAL thread:47093937386512 this is fatal
[2011-11-05 16:04:58] INFO thread:47093937386512 this is info
[2011-11-05 16:04:58] TRACE thread:47093937386512 this is trace
[2011-11-05 16:04:58] WARN thread:47093937386512 this is warn
[2011-11-05 16:04:58] INFO thread:47093937386512 this is a bool:1
[2011-11-05 16:04:58] INFO thread:47093937386512 this is a char:x
[2011-11-05 16:04:58] INFO thread:47093937386512 this is a string:string
[2011-11-05 16:04:58] INFO thread:47093937386512 this is a short:-100
[2011-11-05 16:04:58] INFO thread:47093937386512 this is a int:1000
[2011-11-05 16:04:58] INFO thread:47093937386512 this is a unsigned int:1000
[2011-11-05 16:04:58] INFO thread:47093937386512 this is a long(hex):0xf4240
[2011-11-05 16:04:58] INFO thread:47093937386512 this is a unsigned long:100000000
[2011-11-05 16:04:58] INFO thread:47093937386512 this is a float:1.2345
[2011-11-05 16:04:58] INFO thread:47093937386512 this is a double:1.2345234234
[2011-11-05 16:04:58] INFO thread:47093937386512 this is a double:123452342342.342
[2011-11-05 16:04:58] FATAL thread:47093937386512 hello, s,taotaosou d,3101 llu,21444444444343
[2011-11-05 16:04:58] ERROR thread:47093937386512 hello, s,taotaosou d,3101 llu,21444444444343
[2011-11-05 16:04:58] WARN thread:47093937386512 hello, s,taotaosou d,3101 llu,21444444444343
[2011-11-05 16:04:58] INFO thread:47093937386512 hello, s,taotaosou d,3101 llu,21444444444343
[2011-11-05 16:04:58] DEBUG thread:47093937386512 hello, s,taotaosou d,3101 llu,21444444444343
[2011-11-05 16:04:58] TRACE thread:47093937386512 hello, s,taotaosou d,3101 llu,21444444444343
[2011-11-05 16:06:03] DEBUG thread:47580926592016 this is a deubg
[2011-11-05 16:06:03] ERROR thread:47580926592016 this is a error
[2011-11-05 16:06:03] FATAL thread:47580926592016 this is fatal
[2011-11-05 16:06:03] INFO thread:47580926592016 this is info
[2011-11-05 16:06:03] TRACE thread:47580926592016 this is trace
[2011-11-05 16:06:03] WARN thread:47580926592016 this is warn
[2011-11-05 16:06:03] INFO thread:47580926592016 this is a bool:1
[2011-11-05 16:06:03] INFO thread:47580926592016 this is a char:x
[2011-11-05 16:06:03] INFO thread:47580926592016 this is a string:string
[2011-11-05 16:06:03] INFO thread:47580926592016 this is a short:-100
[2011-11-05 16:06:03] INFO thread:47580926592016 this is a int:1000
[2011-11-05 16:06:03] INFO thread:47580926592016 this is a unsigned int:1000
[2011-11-05 16:06:03] INFO thread:47580926592016 this is a long(hex):0xf4240
[2011-11-05 16:06:03] INFO thread:47580926592016 this is a unsigned long:100000000
[2011-11-05 16:06:03] INFO thread:47580926592016 this is a float:1.2345
[2011-11-05 16:06:03] INFO thread:47580926592016 this is a double:1.2345234234
[2011-11-05 16:06:03] INFO thread:47580926592016 this is a double:123452342342.342
[2011-11-05 16:06:03] FATAL thread:47580926592016 hello, s,taotaosou d,3101 llu,21444444444343
[2011-11-05 16:06:03] ERROR thread:47580926592016 hello, s,taotaosou d,3101 llu,21444444444343
[2011-11-05 16:06:03] WARN thread:47580926592016 hello, s,taotaosou d,3101 llu,21444444444343
[2011-11-05 16:06:03] INFO thread:47580926592016 hello, s,taotaosou d,3101 llu,21444444444343
[2011-11-05 16:06:03] DEBUG thread:47580926592016 hello, s,taotaosou d,3101 llu,21444444444343
[2011-11-05 16:06:03] TRACE thread:47580926592016 hello, s,taotaosou d,3101 llu,21444444444343
[2011-11-05 16:06:03] TRACE thread:47580926592016 hello, s,[2011-11-05 16:06:41] DEBUG thread:47056353612816 this is a deubg
[2011-11-05 16:06:41] ERROR thread:47056353612816 this is a error
[2011-11-05 16:06:41] FATAL thread:47056353612816 this is fatal
[2011-11-05 16:06:41] INFO thread:47056353612816 this is info
[2011-11-05 16:06:41] TRACE thread:47056353612816 this is trace
[2011-11-05 16:06:41] WARN thread:47056353612816 this is warn
[2011-11-05 16:06:41] INFO thread:47056353612816 this is a bool:1
[2011-11-05 16:06:41] INFO thread:47056353612816 this is a char:x
[2011-11-05 16:06:41] INFO thread:47056353612816 this is a string:string
[2011-11-05 16:06:41] INFO thread:47056353612816 this is a short:-100
[2011-11-05 16:06:41] INFO thread:47056353612816 this is a int:1000
[2011-11-05 16:06:41] INFO thread:47056353612816 this is a unsigned int:1000
[2011-11-05 16:06:41] INFO thread:47056353612816 this is a long(hex):0xf4240
[2011-11-05 16:06:41] INFO thread:47056353612816 this is a unsigned long:100000000
[2011-11-05 16:06:41] INFO thread:47056353612816 this is a float:1.2345
[2011-11-05 16:06:41] INFO thread:47056353612816 this is a double:1.2345234234
[2011-11-05 16:06:41] INFO thread:47056353612816 this is a double:123452342342.342
[2011-11-05 16:06:41] FATAL thread:47056353612816 hello, s,taotaosou d,3101 llu,21444444444343
[2011-11-05 16:06:41] ERROR thread:47056353612816 hello, s,taotaosou d,3101 llu,21444444444343
[2011-11-05 16:06:41] WARN thread:47056353612816 hello, s,taotaosou d,3101 llu,21444444444343
[2011-11-05 16:06:41] INFO thread:47056353612816 hello, s,taotaosou d,3101 llu,21444444444343
[2011-11-05 16:06:41] DEBUG thread:47056353612816 hello, s,taotaosou d,3101 llu,21444444444343
[2011-11-05 16:06:41] TRACE thread:47056353612816 hello, s,taotaosou d,3101 llu,21444444444343
[2011-11-05 16:06:41] TRACE thread:47056353612816 hello, s,
[2011-11-05 16:07:31] DEBUG thread:47632634463248 this is a deubg
[2011-11-05 16:07:31] ERROR thread:47632634463248 this is a error
[2011-11-05 16:07:31] FATAL thread:47632634463248 this is fatal
[2011-11-05 16:07:31] INFO thread:47632634463248 this is info
[2011-11-05 16:07:31] TRACE thread:47632634463248 this is trace
[2011-11-05 16:07:31] WARN thread:47632634463248 this is warn
[2011-11-05 16:07:31] INFO thread:47632634463248 this is a bool:1
[2011-11-05 16:07:31] INFO thread:47632634463248 this is a char:x
[2011-11-05 16:07:31] INFO thread:47632634463248 this is a string:string
[2011-11-05 16:07:31] INFO thread:47632634463248 this is a short:-100
[2011-11-05 16:07:31] INFO thread:47632634463248 this is a int:1000
[2011-11-05 16:07:31] INFO thread:47632634463248 this is a unsigned int:1000
[2011-11-05 16:07:31] INFO thread:47632634463248 this is a long(hex):0xf4240
[2011-11-05 16:07:31] INFO thread:47632634463248 this is a unsigned long:100000000
[2011-11-05 16:07:31] INFO thread:47632634463248 this is a float:1.2345
[2011-11-05 16:07:31] INFO thread:47632634463248 this is a double:1.2345234234
[2011-11-05 16:07:31] INFO thread:47632634463248 this is a double:123452342342.342
[2011-11-05 16:07:31] FATAL thread:47632634463248 hello, s,taotaosou d,3101 llu,21444444444343
[2011-11-05 16:07:31] ERROR thread:47632634463248 hello, s,taotaosou d,3101 llu,21444444444343
[2011-11-05 16:07:31] WARN thread:47632634463248 hello, s,taotaosou d,3101 llu,21444444444343
[2011-11-05 16:07:31] INFO thread:47632634463248 hello, s,taotaosou d,3101 llu,21444444444343
[2011-11-05 16:07:31] DEBUG thread:47632634463248 hello, s,taotaosou d,3101 llu,21444444444343
[2011-11-05 16:07:31] TRACE thread:47632634463248 hello, s,taotaosou d,3101 llu,21444444444343
[2011-11-05 16:07:31] TRACE thread:47632634463248 hello, s,
[2011-11-05 17:01:53] DEBUG thread:47649966253056 this is a deubg
[2011-11-05 17:01:53] ERROR thread:47649966253056 this is a error
[2011-11-05 17:01:53] FATAL thread:47649966253056 this is fatal
[2011-11-05 17:01:53] INFO thread:47649966253056 this is info
[2011-11-05 17:01:53] TRACE thread:47649966253056 this is trace
[2011-11-05 17:01:53] WARN thread:47649966253056 this is warn
[2011-11-05 17:01:53] INFO thread:47649966253056 this is a bool:1
[2011-11-05 17:01:53] INFO thread:47649966253056 this is a char:x
[2011-11-05 17:01:53] INFO thread:47649966253056 this is a string:string
[2011-11-05 17:01:53] INFO thread:47649966253056 this is a short:-100
[2011-11-05 17:01:53] INFO thread:47649966253056 this is a int:1000
[2011-11-05 17:01:53] INFO thread:47649966253056 this is a unsigned int:1000
[2011-11-05 17:01:53] INFO thread:47649966253056 this is a long(hex):0xf4240
[2011-11-05 17:01:53] INFO thread:47649966253056 this is a unsigned long:100000000
[2011-11-05 17:01:53] INFO thread:47649966253056 this is a float:1.2345
[2011-11-05 17:01:53] INFO thread:47649966253056 this is a double:1.2345234234
[2011-11-05 17:01:53] INFO thread:47649966253056 this is a double:123452342342.342
[2011-11-05 17:01:53] FATAL thread:47649966253056 hello, s,taotaosou d,3101 llu,21444444444343
[2011-11-05 17:01:53] ERROR thread:47649966253056 hello, s,taotaosou d,3101 llu,21444444444343
[2011-11-05 17:01:53] WARN thread:47649966253056 hello, s,taotaosou d,3101 llu,21444444444343
[2011-11-05 17:01:53] INFO thread:47649966253056 hello, s,taotaosou d,3101 llu,21444444444343
[2011-11-05 17:01:53] DEBUG thread:47649966253056 hello, s,taotaosou d,3101 llu,21444444444343
[2011-11-05 17:01:53] TRACE thread:47649966253056 hello, s,taotaosou d,3101 llu,21444444444343
[2011-11-05 17:01:53] TRACE thread:47649966253056 hello, s,
