[2011-11-04 15:16:23] DEBUG thread:47266702976016 this is a deubg
[2011-11-04 15:16:23] ERROR thread:47266702976016 this is a error
[2011-11-04 15:16:23] FATAL thread:47266702976016 this is fatal
[2011-11-04 15:16:23] INFO thread:47266702976016 this is info
[2011-11-04 15:16:23] TRACE thread:47266702976016 this is trace
[2011-11-04 15:16:23] WARN thread:47266702976016 this is warn
[2011-11-04 15:16:23] INFO thread:47266702976016 this is a bool:1
[2011-11-04 15:16:23] INFO thread:47266702976016 this is a char:x
[2011-11-04 15:16:23] INFO thread:47266702976016 this is a string:string
[2011-11-04 15:16:23] INFO thread:47266702976016 this is a short:-100
[2011-11-04 15:16:23] INFO thread:47266702976016 this is a int:1000
[2011-11-04 15:16:23] INFO thread:47266702976016 this is a unsigned int:1000
[2011-11-04 15:16:23] INFO thread:47266702976016 this is a long(hex):0xf4240
[2011-11-04 15:16:23] INFO thread:47266702976016 this is a unsigned long:100000000
[2011-11-04 15:16:23] INFO thread:47266702976016 this is a float:1.2345
[2011-11-04 15:16:23] INFO thread:47266702976016 this is a double:1.2345234234
[2011-11-04 15:16:23] INFO thread:47266702976016 this is a double:123452342342.342
[2011-11-04 15:16:46] DEBUG thread:47316251788304 this is a deubg
[2011-11-04 15:16:46] ERROR thread:47316251788304 this is a error
[2011-11-04 15:16:46] FATAL thread:47316251788304 this is fatal
[2011-11-04 15:16:46] INFO thread:47316251788304 this is info
[2011-11-04 15:16:46] TRACE thread:47316251788304 this is trace
[2011-11-04 15:16:46] WARN thread:47316251788304 this is warn
[2011-11-04 15:16:46] INFO thread:47316251788304 this is a bool:1
[2011-11-04 15:16:46] INFO thread:47316251788304 this is a char:x
[2011-11-04 15:16:46] INFO thread:47316251788304 this is a string:string
[2011-11-04 15:16:46] INFO thread:47316251788304 this is a short:-100
[2011-11-04 15:16:46] INFO thread:47316251788304 this is a int:1000
[2011-11-04 15:16:46] INFO thread:47316251788304 this is a unsigned int:1000
[2011-11-04 15:16:46] INFO thread:47316251788304 this is a long(hex):0xf4240
[2011-11-04 15:16:46] INFO thread:47316251788304 this is a unsigned long:100000000
[2011-11-04 15:16:46] INFO thread:47316251788304 this is a float:1.2345
[2011-11-04 15:16:46] INFO thread:47316251788304 this is a double:1.2345234234
[2011-11-04 15:16:46] INFO thread:47316251788304 this is a double:123452342342.342
[2011-11-04 15:16:59] DEBUG thread:47700341863440 this is a deubg
[2011-11-04 15:16:59] ERROR thread:47700341863440 this is a error
[2011-11-04 15:16:59] FATAL thread:47700341863440 this is fatal
[2011-11-04 15:16:59] INFO thread:47700341863440 this is info
[2011-11-04 15:16:59] TRACE thread:47700341863440 this is trace
[2011-11-04 15:16:59] WARN thread:47700341863440 this is warn
[2011-11-04 15:16:59] INFO thread:47700341863440 this is a bool:1
[2011-11-04 15:16:59] INFO thread:47700341863440 this is a char:x
[2011-11-04 15:16:59] INFO thread:47700341863440 this is a string:string
[2011-11-04 15:16:59] INFO thread:47700341863440 this is a short:-100
[2011-11-04 15:16:59] INFO thread:47700341863440 this is a int:1000
[2011-11-04 15:16:59] INFO thread:47700341863440 this is a unsigned int:1000
[2011-11-04 15:16:59] INFO thread:47700341863440 this is a long(hex):0xf4240
[2011-11-04 15:16:59] INFO thread:47700341863440 this is a unsigned long:100000000
[2011-11-04 15:16:59] INFO thread:47700341863440 this is a float:1.2345
[2011-11-04 15:16:59] INFO thread:47700341863440 this is a double:1.2345234234
[2011-11-04 15:16:59] INFO thread:47700341863440 this is a double:123452342342.342
[2011-11-04 15:39:22] DEBUG thread:47469334922256 this is a deubg
[2011-11-04 15:39:22] ERROR thread:47469334922256 this is a error
[2011-11-04 15:39:22] FATAL thread:47469334922256 this is fatal
[2011-11-04 15:39:22] INFO thread:47469334922256 this is info
[2011-11-04 15:39:22] TRACE thread:47469334922256 this is trace
[2011-11-04 15:39:22] WARN thread:47469334922256 this is warn
[2011-11-04 15:39:22] INFO thread:47469334922256 this is a bool:1
[2011-11-04 15:39:22] INFO thread:47469334922256 this is a char:x
[2011-11-04 15:39:22] INFO thread:47469334922256 this is a string:string
[2011-11-04 15:39:22] INFO thread:47469334922256 this is a short:-100
[2011-11-04 15:39:22] INFO thread:47469334922256 this is a int:1000
[2011-11-04 15:39:22] INFO thread:47469334922256 this is a unsigned int:1000
[2011-11-04 15:39:22] INFO thread:47469334922256 this is a long(hex):0xf4240
[2011-11-04 15:39:22] INFO thread:47469334922256 this is a unsigned long:100000000
[2011-11-04 15:39:22] INFO thread:47469334922256 this is a float:1.2345
[2011-11-04 15:39:22] INFO thread:47469334922256 this is a double:1.2345234234
[2011-11-04 15:39:22] INFO thread:47469334922256 this is a double:123452342342.342
[2011-11-04 15:39:22] FATAL thread:47469334922256 hello, s,taotaosou d,3101 llu,21444444444343
[2011-11-04 15:39:22] ERROR thread:47469334922256 hello, s,taotaosou d,3101 llu,21444444444343
[2011-11-04 15:39:22] WARN thread:47469334922256 hello, s,taotaosou d,3101 llu,21444444444343
[2011-11-04 15:39:22] INFO thread:47469334922256 hello, s,taotaosou d,3101 llu,21444444444343
[2011-11-04 15:39:22] DEBUG thread:47469334922256 hello, s,taotaosou d,3101 llu,21444444444343
[2011-11-04 15:39:22] TRACE thread:47469334922256 hello, s,taotaosou d,3101 llu,21444444444343
